[2016-05-16 14:00:14] local.ERROR: exception 'RuntimeException' with message 'No supported encrypter found. The cipher and / or key length are invalid.' in E:\xampp\htdocs\raovat365\vendor\laravel\framework\src\Illuminate\Encryption\EncryptionServiceProvider.php:45
Stack trace:
#0 E:\xampp\htdocs\raovat365\vendor\laravel\framework\src\Illuminate\Encryption\EncryptionServiceProvider.php(25): Illuminate\Encryption\EncryptionServiceProvider->getEncrypterForKeyAndCipher('SomeRandomStrin...', 'AES-256-CBC')
#1 E:\xampp\htdocs\raovat365\vendor\laravel\framework\src\Illuminate\Container\Container.php(735): Illuminate\Encryption\EncryptionServiceProvider->Illuminate\Encryption\{closure}(Object(Illuminate\Foundation\Application), Array)
#2 E:\xampp\htdocs\raovat365\vendor\laravel\framework\src\Illuminate\Container\Container.php(633): Illuminate\Container\Container->build(Object(Closure), Array)
#3 E:\xampp\htdocs\raovat365\vendor\laravel\framework\src\Illuminate\Foundation\Application.php(697): Illuminate\Container\Container->make('encrypter', Array)
#4 E:\xampp\htdocs\raovat365\vendor\laravel\framework\src\Illuminate\Container\Container.php(853): Illuminate\Foundation\Application->make('Illuminate\\Cont...')
#5 E:\xampp\htdocs\raovat365\vendor\laravel\framework\src\Illuminate\Container\Container.php(808): Illuminate\Container\Container->resolveClass(Object(ReflectionParameter))
#6 E:\xampp\htdocs\raovat365\vendor\laravel\framework\src\Illuminate\Container\Container.php(779): Illuminate\Container\Container->getDependencies(Array, Array)
#7 E:\xampp\htdocs\raovat365\vendor\laravel\framework\src\Illuminate\Container\Container.php(633): Illuminate\Container\Container->build('App\\Http\\Middle...', Array)
#8 E:\xampp\htdocs\raovat365\vendor\laravel\framework\src\Illuminate\Foundation\Application.php(697): Illuminate\Container\Container->make('App\\Http\\Middle...', Array)
#9 E:\xampp\htdocs\raovat365\vendor\laravel\framework\src\Illuminate\Pipeline\Pipeline.php(126): Illuminate\Foundation\Application->make('App\\Http\\Middle...')
#10 [internal function]: Illuminate\Pipeline\Pipeline->Illuminate\Pipeline\{closure}(Object(Illuminate\Http\Request))
#11 E:\xampp\htdocs\raovat365\vendor\laravel\framework\src\Illuminate\Routing\Pipeline.php(32): call_user_func(Object(Closure), Object(Illuminate\Http\Request))
#12 [internal function]: Illuminate\Routing\Pipeline->Illuminate\Routing\{closure}(Object(Illuminate\Http\Request))
#13 E:\xampp\htdocs\raovat365\vendor\laravel\framework\src\Illuminate\Pipeline\Pipeline.php(103): call_user_func(Object(Closure), Object(Illuminate\Http\Request))
#14 E:\xampp\htdocs\raovat365\vendor\laravel\framework\src\Illuminate\Routing\Router.php(726): Illuminate\Pipeline\Pipeline->then(Object(Closure))
#15 E:\xampp\htdocs\raovat365\vendor\laravel\framework\src\Illuminate\Routing\Router.php(699): Illuminate\Routing\Router->runRouteWithinStack(Object(Illuminate\Routing\Route), Object(Illuminate\Http\Request))
#16 E:\xampp\htdocs\raovat365\vendor\laravel\framework\src\Illuminate\Routing\Router.php(675): Illuminate\Routing\Router->dispatchToRoute(Object(Illuminate\Http\Request))
#17 E:\xampp\htdocs\raovat365\vendor\laravel\framework\src\Illuminate\Foundation\Http\Kernel.php(246): Illuminate\Routing\Router->dispatch(Object(Illuminate\Http\Request))
#18 [internal function]: Illuminate\Foundation\Http\Kernel->Illuminate\Foundation\Http\{closure}(Object(Illuminate\Http\Request))
#19 E:\xampp\htdocs\raovat365\vendor\laravel\framework\src\Illuminate\Routing\Pipeline.php(52): call_user_func(Object(Closure), Object(Illuminate\Http\Request))
#20 E:\xampp\htdocs\raovat365\vendor\laravel\framework\src\Illuminate\Foundation\Http\Middleware\CheckForMaintenanceMode.php(44): Illuminate\Routing\Pipeline->Illuminate\Routing\{closure}(Object(Illuminate\Http\Request))
#21 [internal function]: Illuminate\Foundation\Http\Middleware\CheckForMaintenanceMode->handle(Object(Illuminate\Http\Request), Object(Closure))
#22 E:\xampp\htdocs\raovat365\vendor\laravel\framework\src\Illuminate\Pipeline\Pipeline.php(136): call_user_func_array(Array, Array)
#23 [internal function]: Illuminate\Pipeline\Pipeline->Illuminate\Pipeline\{closure}(Object(Illuminate\Http\Request))
#24 E:\xampp\htdocs\raovat365\vendor\laravel\framework\src\Illuminate\Routing\Pipeline.php(32): call_user_func(Object(Closure), Object(Illuminate\Http\Request))
#25 [internal function]: Illuminate\Routing\Pipeline->Illuminate\Routing\{closure}(Object(Illuminate\Http\Request))
#26 E:\xampp\htdocs\raovat365\vendor\laravel\framework\src\Illuminate\Pipeline\Pipeline.php(103): call_user_func(Object(Closure), Object(Illuminate\Http\Request))
#27 E:\xampp\htdocs\raovat365\vendor\laravel\framework\src\Illuminate\Foundation\Http\Kernel.php(132): Illuminate\Pipeline\Pipeline->then(Object(Closure))
#28 E:\xampp\htdocs\raovat365\vendor\laravel\framework\src\Illuminate\Foundation\Http\Kernel.php(99): Illuminate\Foundation\Http\Kernel->sendRequestThroughRouter(Object(Illuminate\Http\Request))
#29 E:\xampp\htdocs\raovat365\public\index.php(54): Illuminate\Foundation\Http\Kernel->handle(Object(Illuminate\Http\Request))
#30 {main}  
[2016-05-16 14:00:14] local.ERROR: exception 'RuntimeException' with message 'No supported encrypter found. The cipher and / or key length are invalid.' in E:\xampp\htdocs\raovat365\vendor\laravel\framework\src\Illuminate\Encryption\EncryptionServiceProvider.php:45
Stack trace:
#0 E:\xampp\htdocs\raovat365\vendor\laravel\framework\src\Illuminate\Encryption\EncryptionServiceProvider.php(25): Illuminate\Encryption\EncryptionServiceProvider->getEncrypterForKeyAndCipher('SomeRandomStrin...', 'AES-256-CBC')
#1 E:\xampp\htdocs\raovat365\vendor\laravel\framework\src\Illuminate\Container\Container.php(735): Illuminate\Encryption\EncryptionServiceProvider->Illuminate\Encryption\{closure}(Object(Illuminate\Foundation\Application), Array)
#2 E:\xampp\htdocs\raovat365\vendor\laravel\framework\src\Illuminate\Container\Container.php(633): Illuminate\Container\Container->build(Object(Closure), Array)
#3 E:\xampp\htdocs\raovat365\vendor\laravel\framework\src\Illuminate\Foundation\Application.php(697): Illuminate\Container\Container->make('encrypter', Array)
#4 E:\xampp\htdocs\raovat365\vendor\laravel\framework\src\Illuminate\Container\Container.php(853): Illuminate\Foundation\Application->make('Illuminate\\Cont...')
#5 E:\xampp\htdocs\raovat365\vendor\laravel\framework\src\Illuminate\Container\Container.php(808): Illuminate\Container\Container->resolveClass(Object(ReflectionParameter))
#6 E:\xampp\htdocs\raovat365\vendor\laravel\framework\src\Illuminate\Container\Container.php(779): Illuminate\Container\Container->getDependencies(Array, Array)
#7 E:\xampp\htdocs\raovat365\vendor\laravel\framework\src\Illuminate\Container\Container.php(633): Illuminate\Container\Container->build('App\\Http\\Middle...', Array)
#8 E:\xampp\htdocs\raovat365\vendor\laravel\framework\src\Illuminate\Foundation\Application.php(697): Illuminate\Container\Container->make('App\\Http\\Middle...', Array)
#9 E:\xampp\htdocs\raovat365\vendor\laravel\framework\src\Illuminate\Foundation\Http\Kernel.php(152): Illuminate\Foundation\Application->make('App\\Http\\Middle...')
#10 E:\xampp\htdocs\raovat365\public\index.php(58): Illuminate\Foundation\Http\Kernel->terminate(Object(Illuminate\Http\Request), Object(Illuminate\Http\Response))
#11 {main}  
[2016-05-16 14:00:22] local.ERROR: exception 'RuntimeException' with message 'No supported encrypter found. The cipher and / or key length are invalid.' in E:\xampp\htdocs\raovat365\vendor\laravel\framework\src\Illuminate\Encryption\EncryptionServiceProvider.php:45
Stack trace:
#0 E:\xampp\htdocs\raovat365\vendor\laravel\framework\src\Illuminate\Encryption\EncryptionServiceProvider.php(25): Illuminate\Encryption\EncryptionServiceProvider->getEncrypterForKeyAndCipher('SomeRandomStrin...', 'AES-256-CBC')
#1 E:\xampp\htdocs\raovat365\vendor\laravel\framework\src\Illuminate\Container\Container.php(735): Illuminate\Encryption\EncryptionServiceProvider->Illuminate\Encryption\{closure}(Object(Illuminate\Foundation\Application), Array)
#2 E:\xampp\htdocs\raovat365\vendor\laravel\framework\src\Illuminate\Container\Container.php(633): Illuminate\Container\Container->build(Object(Closure), Array)
#3 E:\xampp\htdocs\raovat365\vendor\laravel\framework\src\Illuminate\Foundation\Application.php(697): Illuminate\Container\Container->make('encrypter', Array)
#4 E:\xampp\htdocs\raovat365\vendor\laravel\framework\src\Illuminate\Container\Container.php(853): Illuminate\Foundation\Application->make('Illuminate\\Cont...')
#5 E:\xampp\htdocs\raovat365\vendor\laravel\framework\src\Illuminate\Container\Container.php(808): Illuminate\Container\Container->resolveClass(Object(ReflectionParameter))
#6 E:\xampp\htdocs\raovat365\vendor\laravel\framework\src\Illuminate\Container\Container.php(779): Illuminate\Container\Container->getDependencies(Array, Array)
#7 E:\xampp\htdocs\raovat365\vendor\laravel\framework\src\Illuminate\Container\Container.php(633): Illuminate\Container\Container->build('App\\Http\\Middle...', Array)
#8 E:\xampp\htdocs\raovat365\vendor\laravel\framework\src\Illuminate\Foundation\Application.php(697): Illuminate\Container\Container->make('App\\Http\\Middle...', Array)
#9 E:\xampp\htdocs\raovat365\vendor\laravel\framework\src\Illuminate\Pipeline\Pipeline.php(126): Illuminate\Foundation\Application->make('App\\Http\\Middle...')
#10 [internal function]: Illuminate\Pipeline\Pipeline->Illuminate\Pipeline\{closure}(Object(Illuminate\Http\Request))
#11 E:\xampp\htdocs\raovat365\vendor\laravel\framework\src\Illuminate\Routing\Pipeline.php(32): call_user_func(Object(Closure), Object(Illuminate\Http\Request))
#12 [internal function]: Illuminate\Routing\Pipeline->Illuminate\Routing\{closure}(Object(Illuminate\Http\Request))
#13 E:\xampp\htdocs\raovat365\vendor\laravel\framework\src\Illuminate\Pipeline\Pipeline.php(103): call_user_func(Object(Closure), Object(Illuminate\Http\Request))
#14 E:\xampp\htdocs\raovat365\vendor\laravel\framework\src\Illuminate\Routing\Router.php(726): Illuminate\Pipeline\Pipeline->then(Object(Closure))
#15 E:\xampp\htdocs\raovat365\vendor\laravel\framework\src\Illuminate\Routing\Router.php(699): Illuminate\Routing\Router->runRouteWithinStack(Object(Illuminate\Routing\Route), Object(Illuminate\Http\Request))
#16 E:\xampp\htdocs\raovat365\vendor\laravel\framework\src\Illuminate\Routing\Router.php(675): Illuminate\Routing\Router->dispatchToRoute(Object(Illuminate\Http\Request))
#17 E:\xampp\htdocs\raovat365\vendor\laravel\framework\src\Illuminate\Foundation\Http\Kernel.php(246): Illuminate\Routing\Router->dispatch(Object(Illuminate\Http\Request))
#18 [internal function]: Illuminate\Foundation\Http\Kernel->Illuminate\Foundation\Http\{closure}(Object(Illuminate\Http\Request))
#19 E:\xampp\htdocs\raovat365\vendor\laravel\framework\src\Illuminate\Routing\Pipeline.php(52): call_user_func(Object(Closure), Object(Illuminate\Http\Request))
#20 E:\xampp\htdocs\raovat365\vendor\laravel\framework\src\Illuminate\Foundation\Http\Middleware\CheckForMaintenanceMode.php(44): Illuminate\Routing\Pipeline->Illuminate\Routing\{closure}(Object(Illuminate\Http\Request))
#21 [internal function]: Illuminate\Foundation\Http\Middleware\CheckForMaintenanceMode->handle(Object(Illuminate\Http\Request), Object(Closure))
#22 E:\xampp\htdocs\raovat365\vendor\laravel\framework\src\Illuminate\Pipeline\Pipeline.php(136): call_user_func_array(Array, Array)
#23 [internal function]: Illuminate\Pipeline\Pipeline->Illuminate\Pipeline\{closure}(Object(Illuminate\Http\Request))
#24 E:\xampp\htdocs\raovat365\vendor\laravel\framework\src\Illuminate\Routing\Pipeline.php(32): call_user_func(Object(Closure), Object(Illuminate\Http\Request))
#25 [internal function]: Illuminate\Routing\Pipeline->Illuminate\Routing\{closure}(Object(Illuminate\Http\Request))
#26 E:\xampp\htdocs\raovat365\vendor\laravel\framework\src\Illuminate\Pipeline\Pipeline.php(103): call_user_func(Object(Closure), Object(Illuminate\Http\Request))
#27 E:\xampp\htdocs\raovat365\vendor\laravel\framework\src\Illuminate\Foundation\Http\Kernel.php(132): Illuminate\Pipeline\Pipeline->then(Object(Closure))
#28 E:\xampp\htdocs\raovat365\vendor\laravel\framework\src\Illuminate\Foundation\Http\Kernel.php(99): Illuminate\Foundation\Http\Kernel->sendRequestThroughRouter(Object(Illuminate\Http\Request))
#29 E:\xampp\htdocs\raovat365\public\index.php(54): Illuminate\Foundation\Http\Kernel->handle(Object(Illuminate\Http\Request))
#30 {main}  
[2016-05-16 14:00:22] local.ERROR: exception 'RuntimeException' with message 'No supported encrypter found. The cipher and / or key length are invalid.' in E:\xampp\htdocs\raovat365\vendor\laravel\framework\src\Illuminate\Encryption\EncryptionServiceProvider.php:45
Stack trace:
#0 E:\xampp\htdocs\raovat365\vendor\laravel\framework\src\Illuminate\Encryption\EncryptionServiceProvider.php(25): Illuminate\Encryption\EncryptionServiceProvider->getEncrypterForKeyAndCipher('SomeRandomStrin...', 'AES-256-CBC')
#1 E:\xampp\htdocs\raovat365\vendor\laravel\framework\src\Illuminate\Container\Container.php(735): Illuminate\Encryption\EncryptionServiceProvider->Illuminate\Encryption\{closure}(Object(Illuminate\Foundation\Application), Array)
#2 E:\xampp\htdocs\raovat365\vendor\laravel\framework\src\Illuminate\Container\Container.php(633): Illuminate\Container\Container->build(Object(Closure), Array)
#3 E:\xampp\htdocs\raovat365\vendor\laravel\framework\src\Illuminate\Foundation\Application.php(697): Illuminate\Container\Container->make('encrypter', Array)
#4 E:\xampp\htdocs\raovat365\vendor\laravel\framework\src\Illuminate\Container\Container.php(853): Illuminate\Foundation\Application->make('Illuminate\\Cont...')
#5 E:\xampp\htdocs\raovat365\vendor\laravel\framework\src\Illuminate\Container\Container.php(808): Illuminate\Container\Container->resolveClass(Object(ReflectionParameter))
#6 E:\xampp\htdocs\raovat365\vendor\laravel\framework\src\Illuminate\Container\Container.php(779): Illuminate\Container\Container->getDependencies(Array, Array)
#7 E:\xampp\htdocs\raovat365\vendor\laravel\framework\src\Illuminate\Container\Container.php(633): Illuminate\Container\Container->build('App\\Http\\Middle...', Array)
#8 E:\xampp\htdocs\raovat365\vendor\laravel\framework\src\Illuminate\Foundation\Application.php(697): Illuminate\Container\Container->make('App\\Http\\Middle...', Array)
#9 E:\xampp\htdocs\raovat365\vendor\laravel\framework\src\Illuminate\Foundation\Http\Kernel.php(152): Illuminate\Foundation\Application->make('App\\Http\\Middle...')
#10 E:\xampp\htdocs\raovat365\public\index.php(58): Illuminate\Foundation\Http\Kernel->terminate(Object(Illuminate\Http\Request), Object(Illuminate\Http\Response))
#11 {main}  
[2016-05-16 14:00:59] local.ERROR: exception 'RuntimeException' with message 'No supported encrypter found. The cipher and / or key length are invalid.' in E:\xampp\htdocs\raovat365\vendor\laravel\framework\src\Illuminate\Encryption\EncryptionServiceProvider.php:45
Stack trace:
#0 E:\xampp\htdocs\raovat365\vendor\laravel\framework\src\Illuminate\Encryption\EncryptionServiceProvider.php(25): Illuminate\Encryption\EncryptionServiceProvider->getEncrypterForKeyAndCipher('SomeRandomStrin...', 'AES-256-CBC')
#1 E:\xampp\htdocs\raovat365\vendor\laravel\framework\src\Illuminate\Container\Container.php(735): Illuminate\Encryption\EncryptionServiceProvider->Illuminate\Encryption\{closure}(Object(Illuminate\Foundation\Application), Array)
#2 E:\xampp\htdocs\raovat365\vendor\laravel\framework\src\Illuminate\Container\Container.php(633): Illuminate\Container\Container->build(Object(Closure), Array)
#3 E:\xampp\htdocs\raovat365\vendor\laravel\framework\src\Illuminate\Foundation\Application.php(697): Illuminate\Container\Container->make('encrypter', Array)
#4 E:\xampp\htdocs\raovat365\vendor\laravel\framework\src\Illuminate\Container\Container.php(853): Illuminate\Foundation\Application->make('Illuminate\\Cont...')
#5 E:\xampp\htdocs\raovat365\vendor\laravel\framework\src\Illuminate\Container\Container.php(808): Illuminate\Container\Container->resolveClass(Object(ReflectionParameter))
#6 E:\xampp\htdocs\raovat365\vendor\laravel\framework\src\Illuminate\Container\Container.php(779): Illuminate\Container\Container->getDependencies(Array, Array)
#7 E:\xampp\htdocs\raovat365\vendor\laravel\framework\src\Illuminate\Container\Container.php(633): Illuminate\Container\Container->build('App\\Http\\Middle...', Array)
#8 E:\xampp\htdocs\raovat365\vendor\laravel\framework\src\Illuminate\Foundation\Application.php(697): Illuminate\Container\Container->make('App\\Http\\Middle...', Array)
#9 E:\xampp\htdocs\raovat365\vendor\laravel\framework\src\Illuminate\Pipeline\Pipeline.php(126): Illuminate\Foundation\Application->make('App\\Http\\Middle...')
#10 [internal function]: Illuminate\Pipeline\Pipeline->Illuminate\Pipeline\{closure}(Object(Illuminate\Http\Request))
#11 E:\xampp\htdocs\raovat365\vendor\laravel\framework\src\Illuminate\Routing\Pipeline.php(32): call_user_func(Object(Closure), Object(Illuminate\Http\Request))
#12 [internal function]: Illuminate\Routing\Pipeline->Illuminate\Routing\{closure}(Object(Illuminate\Http\Request))
#13 E:\xampp\htdocs\raovat365\vendor\laravel\framework\src\Illuminate\Pipeline\Pipeline.php(103): call_user_func(Object(Closure), Object(Illuminate\Http\Request))
#14 E:\xampp\htdocs\raovat365\vendor\laravel\framework\src\Illuminate\Routing\Router.php(726): Illuminate\Pipeline\Pipeline->then(Object(Closure))
#15 E:\xampp\htdocs\raovat365\vendor\laravel\framework\src\Illuminate\Routing\Router.php(699): Illuminate\Routing\Router->runRouteWithinStack(Object(Illuminate\Routing\Route), Object(Illuminate\Http\Request))
#16 E:\xampp\htdocs\raovat365\vendor\laravel\framework\src\Illuminate\Routing\Router.php(675): Illuminate\Routing\Router->dispatchToRoute(Object(Illuminate\Http\Request))
#17 E:\xampp\htdocs\raovat365\vendor\laravel\framework\src\Illuminate\Foundation\Http\Kernel.php(246): Illuminate\Routing\Router->dispatch(Object(Illuminate\Http\Request))
#18 [internal function]: Illuminate\Foundation\Http\Kernel->Illuminate\Foundation\Http\{closure}(Object(Illuminate\Http\Request))
#19 E:\xampp\htdocs\raovat365\vendor\laravel\framework\src\Illuminate\Routing\Pipeline.php(52): call_user_func(Object(Closure), Object(Illuminate\Http\Request))
#20 E:\xampp\htdocs\raovat365\vendor\laravel\framework\src\Illuminate\Foundation\Http\Middleware\CheckForMaintenanceMode.php(44): Illuminate\Routing\Pipeline->Illuminate\Routing\{closure}(Object(Illuminate\Http\Request))
#21 [internal function]: Illuminate\Foundation\Http\Middleware\CheckForMaintenanceMode->handle(Object(Illuminate\Http\Request), Object(Closure))
#22 E:\xampp\htdocs\raovat365\vendor\laravel\framework\src\Illuminate\Pipeline\Pipeline.php(136): call_user_func_array(Array, Array)
#23 [internal function]: Illuminate\Pipeline\Pipeline->Illuminate\Pipeline\{closure}(Object(Illuminate\Http\Request))
#24 E:\xampp\htdocs\raovat365\vendor\laravel\framework\src\Illuminate\Routing\Pipeline.php(32): call_user_func(Object(Closure), Object(Illuminate\Http\Request))
#25 [internal function]: Illuminate\Routing\Pipeline->Illuminate\Routing\{closure}(Object(Illuminate\Http\Request))
#26 E:\xampp\htdocs\raovat365\vendor\laravel\framework\src\Illuminate\Pipeline\Pipeline.php(103): call_user_func(Object(Closure), Object(Illuminate\Http\Request))
#27 E:\xampp\htdocs\raovat365\vendor\laravel\framework\src\Illuminate\Foundation\Http\Kernel.php(132): Illuminate\Pipeline\Pipeline->then(Object(Closure))
#28 E:\xampp\htdocs\raovat365\vendor\laravel\framework\src\Illuminate\Foundation\Http\Kernel.php(99): Illuminate\Foundation\Http\Kernel->sendRequestThroughRouter(Object(Illuminate\Http\Request))
#29 E:\xampp\htdocs\raovat365\public\index.php(54): Illuminate\Foundation\Http\Kernel->handle(Object(Illuminate\Http\Request))
#30 {main}  
[2016-05-16 14:00:59] local.ERROR: exception 'RuntimeException' with message 'No supported encrypter found. The cipher and / or key length are invalid.' in E:\xampp\htdocs\raovat365\vendor\laravel\framework\src\Illuminate\Encryption\EncryptionServiceProvider.php:45
Stack trace:
#0 E:\xampp\htdocs\raovat365\vendor\laravel\framework\src\Illuminate\Encryption\EncryptionServiceProvider.php(25): Illuminate\Encryption\EncryptionServiceProvider->getEncrypterForKeyAndCipher('SomeRandomStrin...', 'AES-256-CBC')
#1 E:\xampp\htdocs\raovat365\vendor\laravel\framework\src\Illuminate\Container\Container.php(735): Illuminate\Encryption\EncryptionServiceProvider->Illuminate\Encryption\{closure}(Object(Illuminate\Foundation\Application), Array)
#2 E:\xampp\htdocs\raovat365\vendor\laravel\framework\src\Illuminate\Container\Container.php(633): Illuminate\Container\Container->build(Object(Closure), Array)
#3 E:\xampp\htdocs\raovat365\vendor\laravel\framework\src\Illuminate\Foundation\Application.php(697): Illuminate\Container\Container->make('encrypter', Array)
#4 E:\xampp\htdocs\raovat365\vendor\laravel\framework\src\Illuminate\Container\Container.php(853): Illuminate\Foundation\Application->make('Illuminate\\Cont...')
#5 E:\xampp\htdocs\raovat365\vendor\laravel\framework\src\Illuminate\Container\Container.php(808): Illuminate\Container\Container->resolveClass(Object(ReflectionParameter))
#6 E:\xampp\htdocs\raovat365\vendor\laravel\framework\src\Illuminate\Container\Container.php(779): Illuminate\Container\Container->getDependencies(Array, Array)
#7 E:\xampp\htdocs\raovat365\vendor\laravel\framework\src\Illuminate\Container\Container.php(633): Illuminate\Container\Container->build('App\\Http\\Middle...', Array)
#8 E:\xampp\htdocs\raovat365\vendor\laravel\framework\src\Illuminate\Foundation\Application.php(697): Illuminate\Container\Container->make('App\\Http\\Middle...', Array)
#9 E:\xampp\htdocs\raovat365\vendor\laravel\framework\src\Illuminate\Foundation\Http\Kernel.php(152): Illuminate\Foundation\Application->make('App\\Http\\Middle...')
#10 E:\xampp\htdocs\raovat365\public\index.php(58): Illuminate\Foundation\Http\Kernel->terminate(Object(Illuminate\Http\Request), Object(Illuminate\Http\Response))
#11 {main}  
